nohup: ignoring input

> frontend@1.0.0 start
> webpack serve --mode development

<i> [webpack-dev-server] Project is running at:
<i> [webpack-dev-server] Loopback: http://localhost:3000/, http://[::1]:3000/
<i> [webpack-dev-server] On Your Network (IPv4): http://172.30.0.2:3000/
<i> [webpack-dev-server] Content not from webpack is served from '/workspace/frontend/public' directory
<i> [webpack-dev-server] 404s will fallback to '/index.html'
asset bundle.js 1.74 MiB [emitted] (name: main)
asset index.html 742 bytes [emitted]
runtime modules 28.1 KiB 14 modules
orphan modules 116 KiB [orphan] 6 modules
cacheable modules 1.55 MiB
  modules by path ./node_modules/ 1.41 MiB 31 modules
  modules by path ./src/ 143 KiB
    modules by path ./src/pages/*.js 97.5 KiB 9 modules
    modules by path ./src/*.js 4.14 KiB 2 modules
    modules by path ./src/styles/*.css 9.59 KiB 2 modules
    modules by path ./src/components/*.js 9.01 KiB 2 modules
    + 4 modules
webpack 5.101.3 compiled successfully in 943 ms
